\BOOKMARK [1][-]{section.1}{\376\377\000P\000r\000i\000m\000a\000r\000y\000\040\000P\000o\000s\000i\000t\000i\000o\000n\000s}{}% 1
\BOOKMARK [1][-]{section.2}{\376\377\000S\000e\000c\000o\000n\000d\000a\000r\000y\000\040\000C\000o\000m\000m\000i\000t\000m\000e\000n\000t\000s}{}% 2
\BOOKMARK [1][-]{section.3}{\376\377\000V\000i\000s\000i\000t\000i\000n\000g\000\040\000P\000o\000s\000i\000t\000i\000o\000n\000s}{}% 3
\BOOKMARK [1][-]{section.4}{\376\377\000A\000c\000a\000d\000e\000m\000i\000c\000\040\000T\000r\000a\000i\000n\000i\000n\000g}{}% 4
\BOOKMARK [1][-]{section.5}{\376\377\000R\000e\000s\000e\000a\000r\000c\000h\000\040\000I\000n\000t\000e\000r\000e\000s\000t\000s}{}% 5
\BOOKMARK [1][-]{section.6}{\376\377\000H\000o\000n\000o\000r\000s\000\040\000a\000n\000d\000\040\000A\000w\000a\000r\000d\000s}{}% 6
\BOOKMARK [1][-]{section.7}{\376\377\000E\000x\000t\000e\000r\000n\000a\000l\000\040\000F\000u\000n\000d\000i\000n\000g}{}% 7
\BOOKMARK [1][-]{section.8}{\376\377\000I\000n\000t\000e\000r\000n\000a\000l\000\040\000F\000u\000n\000d\000i\000n\000g}{}% 8
\BOOKMARK [1][-]{section.9}{\376\377\000P\000u\000b\000l\000i\000c\000a\000t\000i\000o\000n\000s}{}% 9
\BOOKMARK [2][-]{subsection.9.1}{\376\377\000B\000o\000o\000k\000s\000\040\000A\000u\000t\000h\000o\000r\000e\000d}{section.9}% 10
\BOOKMARK [2][-]{subsection.9.2}{\376\377\000B\000o\000o\000k\000s\000\040\000E\000d\000i\000t\000e\000d}{section.9}% 11
\BOOKMARK [2][-]{subsection.9.3}{\376\377\000S\000u\000r\000v\000e\000y\000s}{section.9}% 12
\BOOKMARK [2][-]{subsection.9.4}{\376\377\000R\000e\000f\000e\000r\000e\000e\000d\000\040\000J\000o\000u\000r\000n\000a\000l\000\040\000P\000a\000p\000e\000r\000s}{section.9}% 13
\BOOKMARK [2][-]{subsection.9.5}{\376\377\000R\000e\000f\000e\000r\000e\000e\000d\000\040\000P\000r\000o\000c\000e\000e\000d\000i\000n\000g\000s\000\040\000P\000a\000p\000e\000r\000s}{section.9}% 14
\BOOKMARK [2][-]{subsection.9.6}{\376\377\000W\000o\000r\000k\000i\000n\000g\000\040\000P\000a\000p\000e\000r\000s}{section.9}% 15
\BOOKMARK [2][-]{subsection.9.7}{\376\377\000N\000o\000t\000\040\000f\000o\000r\000\040\000P\000u\000b\000l\000i\000c\000a\000t\000i\000o\000n}{section.9}% 16
\BOOKMARK [2][-]{subsection.9.8}{\376\377\000T\000h\000e\000s\000e\000s}{section.9}% 17
\BOOKMARK [1][-]{section.10}{\376\377\000O\000r\000a\000l\000\040\000P\000r\000e\000s\000e\000n\000t\000a\000t\000i\000o\000n\000s}{}% 18
\BOOKMARK [2][-]{subsection.10.1}{\376\377\000P\000o\000p\000u\000l\000a\000r\000\040\000T\000a\000l\000k\000s}{section.10}% 19
\BOOKMARK [2][-]{subsection.10.2}{\376\377\000P\000l\000e\000n\000a\000r\000y\000\040\000A\000d\000d\000r\000e\000s\000s\000e\000s}{section.10}% 20
\BOOKMARK [2][-]{subsection.10.3}{\376\377\000C\000o\000l\000l\000o\000q\000u\000i\000a}{section.10}% 21
\BOOKMARK [2][-]{subsection.10.4}{\376\377\000S\000h\000o\000r\000t\000\040\000C\000o\000u\000r\000s\000e\000s}{section.10}% 22
\BOOKMARK [2][-]{subsection.10.5}{\376\377\000I\000n\000v\000i\000t\000e\000d\000\040\000W\000o\000r\000k\000s\000h\000o\000p\000\040\000a\000n\000d\000\040\000C\000o\000n\000f\000e\000r\000e\000n\000c\000e\000\040\000P\000r\000e\000s\000e\000n\000t\000a\000t\000i\000o\000n\000s}{section.10}% 23
\BOOKMARK [2][-]{subsection.10.6}{\376\377\000C\000o\000n\000t\000r\000i\000b\000u\000t\000e\000d\000\040\000C\000o\000n\000f\000e\000r\000e\000n\000c\000e\000\040\000P\000r\000e\000s\000e\000n\000t\000a\000t\000i\000o\000n\000s}{section.10}% 24
\BOOKMARK [2][-]{subsection.10.7}{\376\377\000S\000e\000m\000i\000n\000a\000r\000s}{section.10}% 25
\BOOKMARK [1][-]{section.11}{\376\377\000M\000i\000s\000c\000e\000l\000l\000a\000n\000e\000o\000u\000s\000\040\000C\000o\000n\000f\000e\000r\000e\000n\000c\000e\000s\000\040\000a\000n\000d\000\040\000W\000o\000r\000k\000s\000h\000o\000p\000s}{}% 26
\BOOKMARK [1][-]{section.12}{\376\377\000T\000e\000a\000c\000h\000i\000n\000g}{}% 27
\BOOKMARK [1][-]{section.13}{\376\377\000A\000d\000v\000i\000s\000e\000e\000s}{}% 28
\BOOKMARK [1][-]{section.14}{\376\377\000P\000r\000o\000f\000e\000s\000s\000i\000o\000n\000a\000l\000\040\000S\000e\000r\000v\000i\000c\000e\000s}{}% 29
\BOOKMARK [2][-]{subsection.14.1}{\376\377\000B\000o\000o\000k\000\040\000S\000e\000r\000i\000e\000s\000\040\000E\000d\000i\000t\000o\000r}{section.14}% 30
\BOOKMARK [2][-]{subsection.14.2}{\376\377\000J\000o\000u\000r\000n\000a\000l\000\040\000E\000d\000i\000t\000o\000r\000i\000a\000l\000\040\000B\000o\000a\000r\000d\000s}{section.14}% 31
\BOOKMARK [2][-]{subsection.14.3}{\376\377\000R\000e\000v\000i\000e\000w\000i\000n\000g}{section.14}% 32
\BOOKMARK [2][-]{subsection.14.4}{\376\377\000A\000d\000m\000i\000n\000i\000s\000t\000r\000a\000t\000i\000v\000e\000\040\000A\000c\000t\000i\000v\000i\000t\000i\000e\000s}{section.14}% 33
\BOOKMARK [2][-]{subsection.14.5}{\376\377\000O\000r\000g\000a\000n\000i\000z\000a\000t\000i\000o\000n}{section.14}% 34
\BOOKMARK [1][-]{section.15}{\376\377\000M\000e\000m\000b\000e\000r\000s\000h\000i\000p\000\040\000o\000f\000\040\000A\000s\000s\000o\000c\000i\000a\000t\000i\000o\000n\000s}{}% 35
\BOOKMARK [1][-]{section.16}{\376\377\000A\000d\000d\000i\000t\000i\000o\000n\000a\000l\000\040\000I\000n\000f\000o\000r\000m\000a\000t\000i\000o\000n}{}% 36
\BOOKMARK [2][-]{subsubsection.16.0.1}{\376\377\000C\000o\000m\000p\000u\000t\000e\000r\000\040\000S\000k\000i\000l\000l\000s}{section.16}% 37
\BOOKMARK [3][-]{subsubsection.16.0.2}{\376\377\000L\000a\000n\000g\000u\000a\000g\000e\000s}{subsubsection.16.0.1}% 38
\BOOKMARK [3][-]{subsubsection.16.0.3}{\376\377\000M\000i\000s\000c\000e\000l\000l\000a\000n\000e\000o\000u\000s\000\040\000I\000n\000t\000e\000r\000e\000s\000t\000s}{subsubsection.16.0.1}% 39
